{"/Users/jon/Programs/chrome-extensions/pagetree-extension/src/constants.ts": {"path":"/Users/jon/Programs/chrome-extensions/pagetree-extension/src/constants.ts","statementMap":{"0":{"start":{"line":2,"column":0},"end":{"line":2,"column":62}},"1":{"start":{"line":3,"column":0},"end":{"line":3,"column":26}},"2":{"start":{"line":4,"column":0},"end":{"line":11,"column":2}}},"fnMap":{},"branchMap":{},"s":{"0":0,"1":0,"2":0},"f":{},"b":{}}
,"/Users/jon/Programs/chrome-extensions/pagetree-extension/src/types.d.ts": {"path":"/Users/jon/Programs/chrome-extensions/pagetree-extension/src/types.d.ts","statementMap":{},"fnMap":{},"branchMap":{},"s":{},"f":{},"b":{}}
,"/Users/jon/Programs/chrome-extensions/pagetree-extension/src/extension/background/main.ts": {"path":"/Users/jon/Programs/chrome-extensions/pagetree-extension/src/extension/background/main.ts","statementMap":{"0":{"start":{"line":2,"column":0},"end":{"line":2,"column":62}},"1":{"start":{"line":3,"column":16},"end":{"line":3,"column":43}},"2":{"start":{"line":4,"column":24},"end":{"line":4,"column":50}},"3":{"start":{"line":9,"column":19},"end":{"line":9,"column":28}},"4":{"start":{"line":10,"column":0},"end":{"line":12,"column":44}},"5":{"start":{"line":12,"column":22},"end":{"line":12,"column":42}},"6":{"start":{"line":13,"column":0},"end":{"line":46,"column":3}},"7":{"start":{"line":14,"column":4},"end":{"line":45,"column":5}},"8":{"start":{"line":15,"column":8},"end":{"line":15,"column":44}},"9":{"start":{"line":16,"column":32},"end":{"line":16,"column":53}},"10":{"start":{"line":17,"column":8},"end":{"line":22,"column":9}},"11":{"start":{"line":18,"column":39},"end":{"line":18,"column":70}},"12":{"start":{"line":19,"column":12},"end":{"line":21,"column":13}},"13":{"start":{"line":20,"column":16},"end":{"line":20,"column":57}},"14":{"start":{"line":23,"column":8},"end":{"line":44,"column":11}},"15":{"start":{"line":24,"column":12},"end":{"line":25,"column":23}},"16":{"start":{"line":25,"column":16},"end":{"line":25,"column":23}},"17":{"start":{"line":26,"column":12},"end":{"line":26,"column":68}},"18":{"start":{"line":27,"column":12},"end":{"line":41,"column":13}},"19":{"start":{"line":28,"column":16},"end":{"line":31,"column":19}},"20":{"start":{"line":32,"column":16},"end":{"line":32,"column":48}},"21":{"start":{"line":35,"column":16},"end":{"line":35,"column":33}},"22":{"start":{"line":36,"column":16},"end":{"line":40,"column":17}},"23":{"start":{"line":37,"column":20},"end":{"line":39,"column":23}},"24":{"start":{"line":38,"column":24},"end":{"line":38,"column":95}},"25":{"start":{"line":42,"column":12},"end":{"line":42,"column":45}},"26":{"start":{"line":43,"column":12},"end":{"line":43,"column":37}},"27":{"start":{"line":47,"column":0},"end":{"line":47,"column":71}},"28":{"start":{"line":52,"column":0},"end":{"line":62,"column":3}},"29":{"start":{"line":53,"column":4},"end":{"line":53,"column":41}},"30":{"start":{"line":54,"column":4},"end":{"line":54,"column":33}},"31":{"start":{"line":55,"column":4},"end":{"line":60,"column":5}},"32":{"start":{"line":56,"column":8},"end":{"line":59,"column":11}},"33":{"start":{"line":61,"column":4},"end":{"line":61,"column":17}},"34":{"start":{"line":64,"column":0},"end":{"line":68,"column":3}},"35":{"start":{"line":65,"column":4},"end":{"line":67,"column":5}},"36":{"start":{"line":66,"column":8},"end":{"line":66,"column":173}},"37":{"start":{"line":69,"column":0},"end":{"line":69,"column":66}},"38":{"start":{"line":70,"column":0},"end":{"line":81,"column":3}},"39":{"start":{"line":71,"column":4},"end":{"line":80,"column":5}},"40":{"start":{"line":72,"column":8},"end":{"line":72,"column":31}},"41":{"start":{"line":73,"column":8},"end":{"line":77,"column":11}},"42":{"start":{"line":79,"column":8},"end":{"line":79,"column":49}},"43":{"start":{"line":82,"column":0},"end":{"line":91,"column":3}},"44":{"start":{"line":83,"column":4},"end":{"line":83,"column":62}},"45":{"start":{"line":84,"column":4},"end":{"line":84,"column":29}},"46":{"start":{"line":85,"column":4},"end":{"line":90,"column":5}},"47":{"start":{"line":86,"column":8},"end":{"line":89,"column":11}},"48":{"start":{"line":92,"column":0},"end":{"line":92,"column":63}},"49":{"start":{"line":95,"column":4},"end":{"line":95,"column":31}},"50":{"start":{"line":98,"column":4},"end":{"line":106,"column":5}},"51":{"start":{"line":99,"column":8},"end":{"line":99,"column":31}},"52":{"start":{"line":101,"column":8},"end":{"line":105,"column":11}},"53":{"start":{"line":107,"column":4},"end":{"line":132,"column":5}},"54":{"start":{"line":109,"column":12},"end":{"line":112,"column":15}},"55":{"start":{"line":113,"column":12},"end":{"line":113,"column":18}},"56":{"start":{"line":116,"column":12},"end":{"line":116,"column":53}},"57":{"start":{"line":117,"column":12},"end":{"line":120,"column":15}},"58":{"start":{"line":121,"column":12},"end":{"line":121,"column":18}},"59":{"start":{"line":124,"column":12},"end":{"line":124,"column":53}},"60":{"start":{"line":125,"column":12},"end":{"line":128,"column":15}},"61":{"start":{"line":129,"column":12},"end":{"line":129,"column":18}},"62":{"start":{"line":131,"column":12},"end":{"line":131,"column":48}},"63":{"start":{"line":136,"column":4},"end":{"line":146,"column":9}},"64":{"start":{"line":137,"column":8},"end":{"line":145,"column":9}},"65":{"start":{"line":139,"column":12},"end":{"line":139,"column":66}},"66":{"start":{"line":140,"column":12},"end":{"line":144,"column":15}},"67":{"start":{"line":147,"column":4},"end":{"line":148,"column":15}},"68":{"start":{"line":148,"column":8},"end":{"line":148,"column":15}},"69":{"start":{"line":149,"column":20},"end":{"line":149,"column":26}},"70":{"start":{"line":150,"column":4},"end":{"line":150,"column":53}},"71":{"start":{"line":152,"column":4},"end":{"line":154,"column":5}},"72":{"start":{"line":153,"column":8},"end":{"line":153,"column":15}},"73":{"start":{"line":155,"column":4},"end":{"line":157,"column":5}},"74":{"start":{"line":156,"column":8},"end":{"line":156,"column":15}},"75":{"start":{"line":158,"column":4},"end":{"line":160,"column":5}},"76":{"start":{"line":159,"column":8},"end":{"line":159,"column":42}},"77":{"start":{"line":161,"column":4},"end":{"line":161,"column":23}},"78":{"start":{"line":163,"column":4},"end":{"line":233,"column":5}},"79":{"start":{"line":165,"column":12},"end":{"line":165,"column":107}},"80":{"start":{"line":166,"column":12},"end":{"line":170,"column":15}},"81":{"start":{"line":171,"column":12},"end":{"line":171,"column":25}},"82":{"start":{"line":172,"column":12},"end":{"line":172,"column":18}},"83":{"start":{"line":174,"column":12},"end":{"line":179,"column":13}},"84":{"start":{"line":175,"column":16},"end":{"line":178,"column":19}},"85":{"start":{"line":180,"column":12},"end":{"line":180,"column":18}},"86":{"start":{"line":183,"column":12},"end":{"line":183,"column":53}},"87":{"start":{"line":184,"column":12},"end":{"line":184,"column":18}},"88":{"start":{"line":186,"column":12},"end":{"line":186,"column":26}},"89":{"start":{"line":187,"column":12},"end":{"line":187,"column":32}},"90":{"start":{"line":188,"column":12},"end":{"line":188,"column":18}},"91":{"start":{"line":190,"column":12},"end":{"line":190,"column":55}},"92":{"start":{"line":191,"column":12},"end":{"line":191,"column":25}},"93":{"start":{"line":192,"column":12},"end":{"line":195,"column":15}},"94":{"start":{"line":196,"column":12},"end":{"line":196,"column":18}},"95":{"start":{"line":198,"column":12},"end":{"line":198,"column":68}},"96":{"start":{"line":199,"column":12},"end":{"line":208,"column":13}},"97":{"start":{"line":200,"column":16},"end":{"line":204,"column":19}},"98":{"start":{"line":207,"column":16},"end":{"line":207,"column":33}},"99":{"start":{"line":209,"column":12},"end":{"line":209,"column":18}},"100":{"start":{"line":211,"column":12},"end":{"line":215,"column":15}},"101":{"start":{"line":216,"column":12},"end":{"line":216,"column":18}},"102":{"start":{"line":218,"column":12},"end":{"line":221,"column":15}},"103":{"start":{"line":222,"column":12},"end":{"line":222,"column":18}},"104":{"start":{"line":224,"column":12},"end":{"line":226,"column":15}},"105":{"start":{"line":225,"column":16},"end":{"line":225,"column":76}},"106":{"start":{"line":227,"column":12},"end":{"line":229,"column":13}},"107":{"start":{"line":228,"column":16},"end":{"line":228,"column":30}},"108":{"start":{"line":230,"column":12},"end":{"line":230,"column":18}},"109":{"start":{"line":232,"column":12},"end":{"line":232,"column":83}},"110":{"start":{"line":236,"column":4},"end":{"line":236,"column":44}},"111":{"start":{"line":237,"column":4},"end":{"line":250,"column":5}},"112":{"start":{"line":238,"column":20},"end":{"line":238,"column":48}},"113":{"start":{"line":239,"column":8},"end":{"line":240,"column":19}},"114":{"start":{"line":240,"column":12},"end":{"line":240,"column":19}},"115":{"start":{"line":241,"column":8},"end":{"line":246,"column":9}},"116":{"start":{"line":242,"column":12},"end":{"line":245,"column":15}},"117":{"start":{"line":249,"column":8},"end":{"line":249,"column":67}},"118":{"start":{"line":258,"column":0},"end":{"line":261,"column":3}},"119":{"start":{"line":259,"column":4},"end":{"line":259,"column":29}},"120":{"start":{"line":260,"column":4},"end":{"line":260,"column":49}}},"fnMap":{"0":{"name":"(anonymous_0)","decl":{"start":{"line":12,"column":11},"end":{"line":12,"column":12}},"loc":{"start":{"line":12,"column":22},"end":{"line":12,"column":42}},"line":12},"1":{"name":"(anonymous_1)","decl":{"start":{"line":13,"column":37},"end":{"line":13,"column":38}},"loc":{"start":{"line":13,"column":53},"end":{"line":46,"column":1}},"line":13},"2":{"name":"(anonymous_2)","decl":{"start":{"line":23,"column":38},"end":{"line":23,"column":39}},"loc":{"start":{"line":23,"column":44},"end":{"line":44,"column":9}},"line":23},"3":{"name":"(anonymous_3)","decl":{"start":{"line":37,"column":58},"end":{"line":37,"column":59}},"loc":{"start":{"line":37,"column":70},"end":{"line":39,"column":21}},"line":37},"4":{"name":"(anonymous_4)","decl":{"start":{"line":52,"column":36},"end":{"line":52,"column":37}},"loc":{"start":{"line":52,"column":52},"end":{"line":62,"column":1}},"line":52},"5":{"name":"(anonymous_5)","decl":{"start":{"line":64,"column":37},"end":{"line":64,"column":38}},"loc":{"start":{"line":64,"column":61},"end":{"line":68,"column":1}},"line":64},"6":{"name":"(anonymous_6)","decl":{"start":{"line":70,"column":36},"end":{"line":70,"column":37}},"loc":{"start":{"line":70,"column":51},"end":{"line":81,"column":1}},"line":70},"7":{"name":"(anonymous_7)","decl":{"start":{"line":82,"column":34},"end":{"line":82,"column":35}},"loc":{"start":{"line":82,"column":63},"end":{"line":91,"column":1}},"line":82},"8":{"name":"shouldEnableSidePanelTab","decl":{"start":{"line":94,"column":9},"end":{"line":94,"column":33}},"loc":{"start":{"line":94,"column":39},"end":{"line":96,"column":1}},"line":94},"9":{"name":"handleContextMenuClick","decl":{"start":{"line":97,"column":9},"end":{"line":97,"column":31}},"loc":{"start":{"line":97,"column":43},"end":{"line":133,"column":1}},"line":97},"10":{"name":"handleBackgroundMessages","decl":{"start":{"line":134,"column":15},"end":{"line":134,"column":39}},"loc":{"start":{"line":134,"column":57},"end":{"line":234,"column":1}},"line":134},"11":{"name":"(anonymous_11)","decl":{"start":{"line":136,"column":5},"end":{"line":136,"column":6}},"loc":{"start":{"line":136,"column":17},"end":{"line":146,"column":5}},"line":136},"12":{"name":"(anonymous_12)","decl":{"start":{"line":224,"column":45},"end":{"line":224,"column":46}},"loc":{"start":{"line":224,"column":57},"end":{"line":226,"column":13}},"line":224},"13":{"name":"handleOnTabUpdate","decl":{"start":{"line":235,"column":15},"end":{"line":235,"column":32}},"loc":{"start":{"line":235,"column":40},"end":{"line":251,"column":1}},"line":235},"14":{"name":"(anonymous_14)","decl":{"start":{"line":258,"column":34},"end":{"line":258,"column":35}},"loc":{"start":{"line":258,"column":45},"end":{"line":261,"column":1}},"line":258}},"branchMap":{"0":{"loc":{"start":{"line":14,"column":4},"end":{"line":45,"column":5}},"type":"if","locations":[{"start":{"line":14,"column":4},"end":{"line":45,"column":5}},{"start":{},"end":{}}],"line":14},"1":{"loc":{"start":{"line":14,"column":8},"end":{"line":14,"column":56}},"type":"binary-expr","locations":[{"start":{"line":14,"column":8},"end":{"line":14,"column":12}},{"start":{"line":14,"column":16},"end":{"line":14,"column":56}}],"line":14},"2":{"loc":{"start":{"line":17,"column":8},"end":{"line":22,"column":9}},"type":"if","locations":[{"start":{"line":17,"column":8},"end":{"line":22,"column":9}},{"start":{},"end":{}}],"line":17},"3":{"loc":{"start":{"line":19,"column":12},"end":{"line":21,"column":13}},"type":"if","locations":[{"start":{"line":19,"column":12},"end":{"line":21,"column":13}},{"start":{},"end":{}}],"line":19},"4":{"loc":{"start":{"line":19,"column":16},"end":{"line":19,"column":65}},"type":"binary-expr","locations":[{"start":{"line":19,"column":16},"end":{"line":19,"column":42}},{"start":{"line":19,"column":46},"end":{"line":19,"column":65}}],"line":19},"5":{"loc":{"start":{"line":24,"column":12},"end":{"line":25,"column":23}},"type":"if","locations":[{"start":{"line":24,"column":12},"end":{"line":25,"column":23}},{"start":{},"end":{}}],"line":24},"6":{"loc":{"start":{"line":36,"column":16},"end":{"line":40,"column":17}},"type":"if","locations":[{"start":{"line":36,"column":16},"end":{"line":40,"column":17}},{"start":{},"end":{}}],"line":36},"7":{"loc":{"start":{"line":55,"column":4},"end":{"line":60,"column":5}},"type":"if","locations":[{"start":{"line":55,"column":4},"end":{"line":60,"column":5}},{"start":{},"end":{}}],"line":55},"8":{"loc":{"start":{"line":71,"column":4},"end":{"line":80,"column":5}},"type":"if","locations":[{"start":{"line":71,"column":4},"end":{"line":80,"column":5}},{"start":{},"end":{}}],"line":71},"9":{"loc":{"start":{"line":85,"column":4},"end":{"line":90,"column":5}},"type":"if","locations":[{"start":{"line":85,"column":4},"end":{"line":90,"column":5}},{"start":{},"end":{}}],"line":85},"10":{"loc":{"start":{"line":85,"column":8},"end":{"line":85,"column":65}},"type":"binary-expr","locations":[{"start":{"line":85,"column":8},"end":{"line":85,"column":29}},{"start":{"line":85,"column":33},"end":{"line":85,"column":65}}],"line":85},"11":{"loc":{"start":{"line":98,"column":4},"end":{"line":106,"column":5}},"type":"if","locations":[{"start":{"line":98,"column":4},"end":{"line":106,"column":5}},{"start":{},"end":{}}],"line":98},"12":{"loc":{"start":{"line":107,"column":4},"end":{"line":132,"column":5}},"type":"switch","locations":[{"start":{"line":108,"column":8},"end":{"line":113,"column":18}},{"start":{"line":114,"column":8},"end":{"line":121,"column":18}},{"start":{"line":122,"column":8},"end":{"line":129,"column":18}},{"start":{"line":130,"column":8},"end":{"line":131,"column":48}}],"line":107},"13":{"loc":{"start":{"line":137,"column":8},"end":{"line":145,"column":9}},"type":"if","locations":[{"start":{"line":137,"column":8},"end":{"line":145,"column":9}},{"start":{},"end":{}}],"line":137},"14":{"loc":{"start":{"line":147,"column":4},"end":{"line":148,"column":15}},"type":"if","locations":[{"start":{"line":147,"column":4},"end":{"line":148,"column":15}},{"start":{},"end":{}}],"line":147},"15":{"loc":{"start":{"line":152,"column":4},"end":{"line":154,"column":5}},"type":"if","locations":[{"start":{"line":152,"column":4},"end":{"line":154,"column":5}},{"start":{},"end":{}}],"line":152},"16":{"loc":{"start":{"line":155,"column":4},"end":{"line":157,"column":5}},"type":"if","locations":[{"start":{"line":155,"column":4},"end":{"line":157,"column":5}},{"start":{},"end":{}}],"line":155},"17":{"loc":{"start":{"line":155,"column":8},"end":{"line":155,"column":27}},"type":"binary-expr","locations":[{"start":{"line":155,"column":8},"end":{"line":155,"column":15}},{"start":{"line":155,"column":19},"end":{"line":155,"column":27}}],"line":155},"18":{"loc":{"start":{"line":158,"column":4},"end":{"line":160,"column":5}},"type":"if","locations":[{"start":{"line":158,"column":4},"end":{"line":160,"column":5}},{"start":{},"end":{}}],"line":158},"19":{"loc":{"start":{"line":163,"column":4},"end":{"line":233,"column":5}},"type":"switch","locations":[{"start":{"line":164,"column":8},"end":{"line":172,"column":18}},{"start":{"line":173,"column":8},"end":{"line":180,"column":18}},{"start":{"line":181,"column":8},"end":{"line":184,"column":18}},{"start":{"line":185,"column":8},"end":{"line":188,"column":18}},{"start":{"line":189,"column":8},"end":{"line":196,"column":18}},{"start":{"line":197,"column":8},"end":{"line":209,"column":18}},{"start":{"line":210,"column":8},"end":{"line":216,"column":18}},{"start":{"line":217,"column":8},"end":{"line":222,"column":18}},{"start":{"line":223,"column":8},"end":{"line":230,"column":18}},{"start":{"line":231,"column":8},"end":{"line":232,"column":83}}],"line":163},"20":{"loc":{"start":{"line":174,"column":12},"end":{"line":179,"column":13}},"type":"if","locations":[{"start":{"line":174,"column":12},"end":{"line":179,"column":13}},{"start":{},"end":{}}],"line":174},"21":{"loc":{"start":{"line":227,"column":12},"end":{"line":229,"column":13}},"type":"if","locations":[{"start":{"line":227,"column":12},"end":{"line":229,"column":13}},{"start":{},"end":{}}],"line":227},"22":{"loc":{"start":{"line":239,"column":8},"end":{"line":240,"column":19}},"type":"if","locations":[{"start":{"line":239,"column":8},"end":{"line":240,"column":19}},{"start":{},"end":{}}],"line":239},"23":{"loc":{"start":{"line":241,"column":8},"end":{"line":246,"column":9}},"type":"if","locations":[{"start":{"line":241,"column":8},"end":{"line":246,"column":9}},{"start":{},"end":{}}],"line":241}},"s":{"0":0,"1":0,"2":0,"3":0,"4":0,"5":0,"6":0,"7":0,"8":0,"9":0,"10":0,"11":0,"12":0,"13":0,"14":0,"15":0,"16":0,"17":0,"18":0,"19":0,"20":0,"21":0,"22":0,"23":0,"24":0,"25":0,"26":0,"27":0,"28":0,"29":0,"30":0,"31":0,"32":0,"33":0,"34":0,"35":0,"36":0,"37":0,"38":0,"39":0,"40":0,"41":0,"42":0,"43":0,"44":0,"45":0,"46":0,"47":0,"48":0,"49":0,"50":0,"51":0,"52":0,"53":0,"54":0,"55":0,"56":0,"57":0,"58":0,"59":0,"60":0,"61":0,"62":0,"63":0,"64":0,"65":0,"66":0,"67":0,"68":0,"69":0,"70":0,"71":0,"72":0,"73":0,"74":0,"75":0,"76":0,"77":0,"78":0,"79":0,"80":0,"81":0,"82":0,"83":0,"84":0,"85":0,"86":0,"87":0,"88":0,"89":0,"90":0,"91":0,"92":0,"93":0,"94":0,"95":0,"96":0,"97":0,"98":0,"99":0,"100":0,"101":0,"102":0,"103":0,"104":0,"105":0,"106":0,"107":0,"108":0,"109":0,"110":0,"111":0,"112":0,"113":0,"114":0,"115":0,"116":0,"117":0,"118":0,"119":0,"120":0},"f":{"0":0,"1":0,"2":0,"3":0,"4":0,"5":0,"6":0,"7":0,"8":0,"9":0,"10":0,"11":0,"12":0,"13":0,"14":0},"b":{"0":[0,0],"1":[0,0],"2":[0,0],"3":[0,0],"4":[0,0],"5":[0,0],"6":[0,0],"7":[0,0],"8":[0,0],"9":[0,0],"10":[0,0],"11":[0,0],"12":[0,0,0,0],"13":[0,0],"14":[0,0],"15":[0,0],"16":[0,0],"17":[0,0],"18":[0,0],"19":[0,0,0,0,0,0,0,0,0,0],"20":[0,0],"21":[0,0],"22":[0,0],"23":[0,0]}}
,"/Users/jon/Programs/chrome-extensions/pagetree-extension/src/extension/background/userfunctions.ts": {"path":"/Users/jon/Programs/chrome-extensions/pagetree-extension/src/extension/background/userfunctions.ts","statementMap":{"0":{"start":{"line":2,"column":0},"end":{"line":2,"column":62}},"1":{"start":{"line":3,"column":0},"end":{"line":3,"column":57}},"2":{"start":{"line":4,"column":20},"end":{"line":4,"column":42}},"3":{"start":{"line":5,"column":23},"end":{"line":24,"column":1}},"4":{"start":{"line":6,"column":4},"end":{"line":8,"column":5}},"5":{"start":{"line":7,"column":8},"end":{"line":7,"column":78}},"6":{"start":{"line":9,"column":4},"end":{"line":13,"column":7}},"7":{"start":{"line":14,"column":4},"end":{"line":18,"column":7}},"8":{"start":{"line":19,"column":4},"end":{"line":23,"column":7}},"9":{"start":{"line":25,"column":0},"end":{"line":25,"column":40}},"10":{"start":{"line":26,"column":23},"end":{"line":35,"column":1}},"11":{"start":{"line":27,"column":19},"end":{"line":27,"column":45}},"12":{"start":{"line":28,"column":4},"end":{"line":30,"column":5}},"13":{"start":{"line":29,"column":8},"end":{"line":29,"column":34}},"14":{"start":{"line":31,"column":4},"end":{"line":33,"column":5}},"15":{"start":{"line":32,"column":8},"end":{"line":32,"column":60}},"16":{"start":{"line":34,"column":4},"end":{"line":34,"column":20}},"17":{"start":{"line":36,"column":0},"end":{"line":36,"column":40}}},"fnMap":{"0":{"name":"(anonymous_0)","decl":{"start":{"line":5,"column":23},"end":{"line":5,"column":24}},"loc":{"start":{"line":5,"column":36},"end":{"line":24,"column":1}},"line":5},"1":{"name":"(anonymous_1)","decl":{"start":{"line":26,"column":23},"end":{"line":26,"column":24}},"loc":{"start":{"line":26,"column":33},"end":{"line":35,"column":1}},"line":26}},"branchMap":{"0":{"loc":{"start":{"line":6,"column":4},"end":{"line":8,"column":5}},"type":"if","locations":[{"start":{"line":6,"column":4},"end":{"line":8,"column":5}},{"start":{},"end":{}}],"line":6},"1":{"loc":{"start":{"line":28,"column":4},"end":{"line":30,"column":5}},"type":"if","locations":[{"start":{"line":28,"column":4},"end":{"line":30,"column":5}},{"start":{},"end":{}}],"line":28},"2":{"loc":{"start":{"line":31,"column":4},"end":{"line":33,"column":5}},"type":"if","locations":[{"start":{"line":31,"column":4},"end":{"line":33,"column":5}},{"start":{},"end":{}}],"line":31}},"s":{"0":0,"1":0,"2":0,"3":0,"4":0,"5":0,"6":0,"7":0,"8":0,"9":0,"10":0,"11":0,"12":0,"13":0,"14":0,"15":0,"16":0,"17":0},"f":{"0":0,"1":0},"b":{"0":[0,0],"1":[0,0],"2":[0,0]}}
,"/Users/jon/Programs/chrome-extensions/pagetree-extension/src/extension/content/content-utils.ts": {"path":"/Users/jon/Programs/chrome-extensions/pagetree-extension/src/extension/content/content-utils.ts","statementMap":{"0":{"start":{"line":2,"column":0},"end":{"line":2,"column":62}},"1":{"start":{"line":3,"column":0},"end":{"line":3,"column":67}},"2":{"start":{"line":6,"column":21},"end":{"line":12,"column":6}},"3":{"start":{"line":7,"column":8},"end":{"line":7,"column":28}},"4":{"start":{"line":8,"column":8},"end":{"line":11,"column":16}},"5":{"start":{"line":9,"column":12},"end":{"line":9,"column":34}},"6":{"start":{"line":10,"column":12},"end":{"line":10,"column":23}},"7":{"start":{"line":13,"column":4},"end":{"line":13,"column":34}},"8":{"start":{"line":14,"column":4},"end":{"line":17,"column":7}},"9":{"start":{"line":19,"column":0},"end":{"line":19,"column":42}},"10":{"start":{"line":21,"column":75},"end":{"line":21,"column":82}},"11":{"start":{"line":22,"column":4},"end":{"line":26,"column":7}},"12":{"start":{"line":28,"column":0},"end":{"line":28,"column":58}}},"fnMap":{"0":{"name":"waitForDOMReady","decl":{"start":{"line":4,"column":9},"end":{"line":4,"column":24}},"loc":{"start":{"line":4,"column":35},"end":{"line":18,"column":1}},"line":4},"1":{"name":"(anonymous_1)","decl":{"start":{"line":6,"column":42},"end":{"line":6,"column":43}},"loc":{"start":{"line":6,"column":48},"end":{"line":12,"column":5}},"line":6},"2":{"name":"(anonymous_2)","decl":{"start":{"line":8,"column":27},"end":{"line":8,"column":28}},"loc":{"start":{"line":8,"column":33},"end":{"line":11,"column":9}},"line":8},"3":{"name":"relayMessageToExtension","decl":{"start":{"line":20,"column":9},"end":{"line":20,"column":32}},"loc":{"start":{"line":20,"column":42},"end":{"line":27,"column":1}},"line":20}},"branchMap":{"0":{"loc":{"start":{"line":21,"column":24},"end":{"line":21,"column":42}},"type":"default-arg","locations":[{"start":{"line":21,"column":33},"end":{"line":21,"column":42}}],"line":21}},"s":{"0":0,"1":0,"2":0,"3":0,"4":0,"5":0,"6":0,"7":0,"8":0,"9":0,"10":0,"11":0,"12":0},"f":{"0":0,"1":0,"2":0,"3":0},"b":{"0":[0]}}
,"/Users/jon/Programs/chrome-extensions/pagetree-extension/src/extension/content/main.ts": {"path":"/Users/jon/Programs/chrome-extensions/pagetree-extension/src/extension/content/main.ts","statementMap":{"0":{"start":{"line":2,"column":0},"end":{"line":2,"column":62}},"1":{"start":{"line":3,"column":19},"end":{"line":3,"column":50}},"2":{"start":{"line":4,"column":20},"end":{"line":4,"column":51}},"3":{"start":{"line":5,"column":24},"end":{"line":5,"column":50}},"4":{"start":{"line":6,"column":18},"end":{"line":6,"column":41}},"5":{"start":{"line":12,"column":13},"end":{"line":12,"column":73}},"6":{"start":{"line":13,"column":0},"end":{"line":13,"column":39}},"7":{"start":{"line":14,"column":0},"end":{"line":14,"column":62}},"8":{"start":{"line":15,"column":0},"end":{"line":43,"column":9}},"9":{"start":{"line":17,"column":26},"end":{"line":28,"column":5}},"10":{"start":{"line":30,"column":26},"end":{"line":30,"column":38}},"11":{"start":{"line":31,"column":4},"end":{"line":42,"column":5}},"12":{"start":{"line":33,"column":8},"end":{"line":40,"column":9}},"13":{"start":{"line":35,"column":12},"end":{"line":35,"column":52}},"14":{"start":{"line":37,"column":13},"end":{"line":40,"column":9}},"15":{"start":{"line":39,"column":12},"end":{"line":39,"column":66}},"16":{"start":{"line":41,"column":8},"end":{"line":41,"column":47}},"17":{"start":{"line":47,"column":4},"end":{"line":47,"column":57}},"18":{"start":{"line":49,"column":4},"end":{"line":51,"column":5}},"19":{"start":{"line":50,"column":8},"end":{"line":50,"column":21}},"20":{"start":{"line":52,"column":20},"end":{"line":52,"column":26}},"21":{"start":{"line":54,"column":4},"end":{"line":186,"column":5}},"22":{"start":{"line":56,"column":12},"end":{"line":56,"column":52}},"23":{"start":{"line":57,"column":12},"end":{"line":63,"column":15}},"24":{"start":{"line":58,"column":16},"end":{"line":62,"column":19}},"25":{"start":{"line":64,"column":12},"end":{"line":64,"column":18}},"26":{"start":{"line":66,"column":12},"end":{"line":69,"column":15}},"27":{"start":{"line":70,"column":12},"end":{"line":70,"column":18}},"28":{"start":{"line":72,"column":12},"end":{"line":75,"column":15}},"29":{"start":{"line":76,"column":12},"end":{"line":76,"column":18}},"30":{"start":{"line":79,"column":12},"end":{"line":93,"column":15}},"31":{"start":{"line":80,"column":45},"end":{"line":80,"column":81}},"32":{"start":{"line":81,"column":16},"end":{"line":83,"column":17}},"33":{"start":{"line":82,"column":20},"end":{"line":82,"column":76}},"34":{"start":{"line":84,"column":36},"end":{"line":84,"column":93}},"35":{"start":{"line":85,"column":16},"end":{"line":92,"column":19}},"36":{"start":{"line":94,"column":12},"end":{"line":94,"column":18}},"37":{"start":{"line":96,"column":12},"end":{"line":96,"column":27}},"38":{"start":{"line":97,"column":12},"end":{"line":97,"column":18}},"39":{"start":{"line":99,"column":12},"end":{"line":99,"column":27}},"40":{"start":{"line":100,"column":12},"end":{"line":100,"column":18}},"41":{"start":{"line":102,"column":12},"end":{"line":102,"column":51}},"42":{"start":{"line":103,"column":12},"end":{"line":103,"column":64}},"43":{"start":{"line":104,"column":12},"end":{"line":107,"column":15}},"44":{"start":{"line":108,"column":12},"end":{"line":108,"column":45}},"45":{"start":{"line":109,"column":12},"end":{"line":109,"column":18}},"46":{"start":{"line":111,"column":12},"end":{"line":111,"column":80}},"47":{"start":{"line":112,"column":12},"end":{"line":115,"column":15}},"48":{"start":{"line":116,"column":12},"end":{"line":116,"column":18}},"49":{"start":{"line":118,"column":12},"end":{"line":118,"column":81}},"50":{"start":{"line":119,"column":12},"end":{"line":122,"column":15}},"51":{"start":{"line":123,"column":12},"end":{"line":123,"column":18}},"52":{"start":{"line":125,"column":12},"end":{"line":148,"column":13}},"53":{"start":{"line":126,"column":32},"end":{"line":126,"column":68}},"54":{"start":{"line":127,"column":16},"end":{"line":127,"column":68}},"55":{"start":{"line":128,"column":16},"end":{"line":131,"column":19}},"56":{"start":{"line":132,"column":16},"end":{"line":135,"column":17}},"57":{"start":{"line":134,"column":20},"end":{"line":134,"column":46}},"58":{"start":{"line":136,"column":16},"end":{"line":136,"column":34}},"59":{"start":{"line":137,"column":16},"end":{"line":140,"column":19}},"60":{"start":{"line":141,"column":16},"end":{"line":144,"column":17}},"61":{"start":{"line":143,"column":20},"end":{"line":143,"column":53}},"62":{"start":{"line":147,"column":16},"end":{"line":147,"column":64}},"63":{"start":{"line":149,"column":12},"end":{"line":149,"column":18}},"64":{"start":{"line":151,"column":12},"end":{"line":159,"column":13}},"65":{"start":{"line":153,"column":16},"end":{"line":158,"column":17}},"66":{"start":{"line":154,"column":20},"end":{"line":154,"column":61}},"67":{"start":{"line":157,"column":20},"end":{"line":157,"column":70}},"68":{"start":{"line":160,"column":12},"end":{"line":160,"column":30}},"69":{"start":{"line":161,"column":12},"end":{"line":161,"column":18}},"70":{"start":{"line":163,"column":12},"end":{"line":163,"column":79}},"71":{"start":{"line":164,"column":12},"end":{"line":170,"column":15}},"72":{"start":{"line":171,"column":12},"end":{"line":171,"column":18}},"73":{"start":{"line":173,"column":12},"end":{"line":173,"column":62}},"74":{"start":{"line":174,"column":12},"end":{"line":174,"column":33}},"75":{"start":{"line":175,"column":12},"end":{"line":175,"column":18}},"76":{"start":{"line":177,"column":12},"end":{"line":181,"column":15}},"77":{"start":{"line":182,"column":12},"end":{"line":182,"column":18}},"78":{"start":{"line":184,"column":12},"end":{"line":184,"column":83}},"79":{"start":{"line":185,"column":12},"end":{"line":185,"column":25}},"80":{"start":{"line":189,"column":4},"end":{"line":214,"column":5}},"81":{"start":{"line":190,"column":8},"end":{"line":203,"column":9}},"82":{"start":{"line":191,"column":12},"end":{"line":191,"column":44}},"83":{"start":{"line":192,"column":12},"end":{"line":192,"column":50}},"84":{"start":{"line":195,"column":12},"end":{"line":197,"column":13}},"85":{"start":{"line":196,"column":16},"end":{"line":196,"column":65}},"86":{"start":{"line":198,"column":12},"end":{"line":198,"column":42}},"87":{"start":{"line":199,"column":12},"end":{"line":202,"column":15}},"88":{"start":{"line":204,"column":8},"end":{"line":209,"column":11}},"89":{"start":{"line":212,"column":8},"end":{"line":212,"column":29}},"90":{"start":{"line":213,"column":8},"end":{"line":213,"column":40}},"91":{"start":{"line":217,"column":4},"end":{"line":231,"column":5}},"92":{"start":{"line":218,"column":8},"end":{"line":227,"column":9}},"93":{"start":{"line":219,"column":12},"end":{"line":219,"column":44}},"94":{"start":{"line":220,"column":12},"end":{"line":220,"column":38}},"95":{"start":{"line":221,"column":12},"end":{"line":226,"column":15}},"96":{"start":{"line":230,"column":8},"end":{"line":230,"column":40}},"97":{"start":{"line":234,"column":4},"end":{"line":249,"column":5}},"98":{"start":{"line":235,"column":8},"end":{"line":242,"column":9}},"99":{"start":{"line":236,"column":12},"end":{"line":241,"column":13}},"100":{"start":{"line":237,"column":16},"end":{"line":237,"column":65}},"101":{"start":{"line":240,"column":16},"end":{"line":240,"column":66}},"102":{"start":{"line":243,"column":8},"end":{"line":243,"column":40}},"103":{"start":{"line":244,"column":8},"end":{"line":244,"column":60}},"104":{"start":{"line":245,"column":8},"end":{"line":248,"column":11}},"105":{"start":{"line":253,"column":4},"end":{"line":255,"column":5}},"106":{"start":{"line":254,"column":8},"end":{"line":254,"column":15}},"107":{"start":{"line":256,"column":4},"end":{"line":259,"column":7}},"108":{"start":{"line":262,"column":4},"end":{"line":277,"column":5}},"109":{"start":{"line":264,"column":8},"end":{"line":266,"column":9}},"110":{"start":{"line":265,"column":12},"end":{"line":265,"column":42}},"111":{"start":{"line":267,"column":25},"end":{"line":267,"column":62}},"112":{"start":{"line":268,"column":23},"end":{"line":271,"column":9}},"113":{"start":{"line":272,"column":8},"end":{"line":272,"column":38}},"114":{"start":{"line":273,"column":8},"end":{"line":273,"column":36}},"115":{"start":{"line":276,"column":8},"end":{"line":276,"column":29}},"116":{"start":{"line":278,"column":4},"end":{"line":278,"column":15}}},"fnMap":{"0":{"name":"(anonymous_0)","decl":{"start":{"line":15,"column":41},"end":{"line":15,"column":42}},"loc":{"start":{"line":15,"column":58},"end":{"line":43,"column":1}},"line":15},"1":{"name":"handleSidepanelMessages","decl":{"start":{"line":44,"column":15},"end":{"line":44,"column":38}},"loc":{"start":{"line":46,"column":14},"end":{"line":187,"column":1}},"line":46},"2":{"name":"(anonymous_2)","decl":{"start":{"line":57,"column":49},"end":{"line":57,"column":50}},"loc":{"start":{"line":57,"column":55},"end":{"line":63,"column":13}},"line":57},"3":{"name":"(anonymous_3)","decl":{"start":{"line":79,"column":62},"end":{"line":79,"column":63}},"loc":{"start":{"line":79,"column":74},"end":{"line":93,"column":13}},"line":79},"4":{"name":"toggleInspector","decl":{"start":{"line":188,"column":9},"end":{"line":188,"column":24}},"loc":{"start":{"line":188,"column":27},"end":{"line":215,"column":1}},"line":188},"5":{"name":"forceInspectorStop","decl":{"start":{"line":216,"column":9},"end":{"line":216,"column":27}},"loc":{"start":{"line":216,"column":30},"end":{"line":232,"column":1}},"line":216},"6":{"name":"sendTreeData","decl":{"start":{"line":233,"column":9},"end":{"line":233,"column":21}},"loc":{"start":{"line":233,"column":24},"end":{"line":250,"column":1}},"line":233},"7":{"name":"handleMutations","decl":{"start":{"line":252,"column":9},"end":{"line":252,"column":24}},"loc":{"start":{"line":252,"column":50},"end":{"line":260,"column":1}},"line":252},"8":{"name":"startObserver","decl":{"start":{"line":261,"column":9},"end":{"line":261,"column":22}},"loc":{"start":{"line":261,"column":28},"end":{"line":279,"column":1}},"line":261}},"branchMap":{"0":{"loc":{"start":{"line":31,"column":4},"end":{"line":42,"column":5}},"type":"if","locations":[{"start":{"line":31,"column":4},"end":{"line":42,"column":5}},{"start":{},"end":{}}],"line":31},"1":{"loc":{"start":{"line":33,"column":8},"end":{"line":40,"column":9}},"type":"if","locations":[{"start":{"line":33,"column":8},"end":{"line":40,"column":9}},{"start":{"line":37,"column":13},"end":{"line":40,"column":9}}],"line":33},"2":{"loc":{"start":{"line":37,"column":13},"end":{"line":40,"column":9}},"type":"if","locations":[{"start":{"line":37,"column":13},"end":{"line":40,"column":9}},{"start":{},"end":{}}],"line":37},"3":{"loc":{"start":{"line":49,"column":4},"end":{"line":51,"column":5}},"type":"if","locations":[{"start":{"line":49,"column":4},"end":{"line":51,"column":5}},{"start":{},"end":{}}],"line":49},"4":{"loc":{"start":{"line":54,"column":4},"end":{"line":186,"column":5}},"type":"switch","locations":[{"start":{"line":55,"column":8},"end":{"line":64,"column":18}},{"start":{"line":65,"column":8},"end":{"line":70,"column":18}},{"start":{"line":71,"column":8},"end":{"line":76,"column":18}},{"start":{"line":77,"column":8},"end":{"line":94,"column":18}},{"start":{"line":95,"column":8},"end":{"line":97,"column":18}},{"start":{"line":98,"column":8},"end":{"line":100,"column":18}},{"start":{"line":101,"column":8},"end":{"line":109,"column":18}},{"start":{"line":110,"column":8},"end":{"line":116,"column":18}},{"start":{"line":117,"column":8},"end":{"line":123,"column":18}},{"start":{"line":124,"column":8},"end":{"line":149,"column":18}},{"start":{"line":150,"column":8},"end":{"line":161,"column":18}},{"start":{"line":162,"column":8},"end":{"line":171,"column":18}},{"start":{"line":172,"column":8},"end":{"line":175,"column":18}},{"start":{"line":176,"column":8},"end":{"line":182,"column":18}},{"start":{"line":183,"column":8},"end":{"line":185,"column":25}}],"line":54},"5":{"loc":{"start":{"line":80,"column":45},"end":{"line":80,"column":81}},"type":"binary-expr","locations":[{"start":{"line":80,"column":45},"end":{"line":80,"column":72}},{"start":{"line":80,"column":76},"end":{"line":80,"column":81}}],"line":80},"6":{"loc":{"start":{"line":81,"column":16},"end":{"line":83,"column":17}},"type":"if","locations":[{"start":{"line":81,"column":16},"end":{"line":83,"column":17}},{"start":{},"end":{}}],"line":81},"7":{"loc":{"start":{"line":89,"column":30},"end":{"line":89,"column":66}},"type":"cond-expr","locations":[{"start":{"line":89,"column":44},"end":{"line":89,"column":53}},{"start":{"line":89,"column":56},"end":{"line":89,"column":66}}],"line":89},"8":{"loc":{"start":{"line":125,"column":12},"end":{"line":148,"column":13}},"type":"if","locations":[{"start":{"line":125,"column":12},"end":{"line":148,"column":13}},{"start":{"line":146,"column":17},"end":{"line":148,"column":13}}],"line":125},"9":{"loc":{"start":{"line":132,"column":16},"end":{"line":135,"column":17}},"type":"if","locations":[{"start":{"line":132,"column":16},"end":{"line":135,"column":17}},{"start":{},"end":{}}],"line":132},"10":{"loc":{"start":{"line":141,"column":16},"end":{"line":144,"column":17}},"type":"if","locations":[{"start":{"line":141,"column":16},"end":{"line":144,"column":17}},{"start":{},"end":{}}],"line":141},"11":{"loc":{"start":{"line":151,"column":12},"end":{"line":159,"column":13}},"type":"if","locations":[{"start":{"line":151,"column":12},"end":{"line":159,"column":13}},{"start":{},"end":{}}],"line":151},"12":{"loc":{"start":{"line":153,"column":16},"end":{"line":158,"column":17}},"type":"if","locations":[{"start":{"line":153,"column":16},"end":{"line":158,"column":17}},{"start":{"line":156,"column":21},"end":{"line":158,"column":17}}],"line":153},"13":{"loc":{"start":{"line":190,"column":8},"end":{"line":203,"column":9}},"type":"if","locations":[{"start":{"line":190,"column":8},"end":{"line":203,"column":9}},{"start":{"line":194,"column":13},"end":{"line":203,"column":9}}],"line":190},"14":{"loc":{"start":{"line":190,"column":12},"end":{"line":190,"column":67}},"type":"binary-expr","locations":[{"start":{"line":190,"column":12},"end":{"line":190,"column":30}},{"start":{"line":190,"column":34},"end":{"line":190,"column":67}}],"line":190},"15":{"loc":{"start":{"line":195,"column":12},"end":{"line":197,"column":13}},"type":"if","locations":[{"start":{"line":195,"column":12},"end":{"line":197,"column":13}},{"start":{},"end":{}}],"line":195},"16":{"loc":{"start":{"line":218,"column":8},"end":{"line":227,"column":9}},"type":"if","locations":[{"start":{"line":218,"column":8},"end":{"line":227,"column":9}},{"start":{},"end":{}}],"line":218},"17":{"loc":{"start":{"line":218,"column":12},"end":{"line":218,"column":67}},"type":"binary-expr","locations":[{"start":{"line":218,"column":12},"end":{"line":218,"column":30}},{"start":{"line":218,"column":34},"end":{"line":218,"column":67}}],"line":218},"18":{"loc":{"start":{"line":234,"column":4},"end":{"line":249,"column":5}},"type":"if","locations":[{"start":{"line":234,"column":4},"end":{"line":249,"column":5}},{"start":{},"end":{}}],"line":234},"19":{"loc":{"start":{"line":235,"column":8},"end":{"line":242,"column":9}},"type":"if","locations":[{"start":{"line":235,"column":8},"end":{"line":242,"column":9}},{"start":{},"end":{}}],"line":235},"20":{"loc":{"start":{"line":236,"column":12},"end":{"line":241,"column":13}},"type":"if","locations":[{"start":{"line":236,"column":12},"end":{"line":241,"column":13}},{"start":{"line":239,"column":17},"end":{"line":241,"column":13}}],"line":236},"21":{"loc":{"start":{"line":253,"column":4},"end":{"line":255,"column":5}},"type":"if","locations":[{"start":{"line":253,"column":4},"end":{"line":255,"column":5}},{"start":{},"end":{}}],"line":253},"22":{"loc":{"start":{"line":264,"column":8},"end":{"line":266,"column":9}},"type":"if","locations":[{"start":{"line":264,"column":8},"end":{"line":266,"column":9}},{"start":{},"end":{}}],"line":264}},"s":{"0":0,"1":0,"2":0,"3":0,"4":0,"5":0,"6":0,"7":0,"8":0,"9":0,"10":0,"11":0,"12":0,"13":0,"14":0,"15":0,"16":0,"17":0,"18":0,"19":0,"20":0,"21":0,"22":0,"23":0,"24":0,"25":0,"26":0,"27":0,"28":0,"29":0,"30":0,"31":0,"32":0,"33":0,"34":0,"35":0,"36":0,"37":0,"38":0,"39":0,"40":0,"41":0,"42":0,"43":0,"44":0,"45":0,"46":0,"47":0,"48":0,"49":0,"50":0,"51":0,"52":0,"53":0,"54":0,"55":0,"56":0,"57":0,"58":0,"59":0,"60":0,"61":0,"62":0,"63":0,"64":0,"65":0,"66":0,"67":0,"68":0,"69":0,"70":0,"71":0,"72":0,"73":0,"74":0,"75":0,"76":0,"77":0,"78":0,"79":0,"80":0,"81":0,"82":0,"83":0,"84":0,"85":0,"86":0,"87":0,"88":0,"89":0,"90":0,"91":0,"92":0,"93":0,"94":0,"95":0,"96":0,"97":0,"98":0,"99":0,"100":0,"101":0,"102":0,"103":0,"104":0,"105":0,"106":0,"107":0,"108":0,"109":0,"110":0,"111":0,"112":0,"113":0,"114":0,"115":0,"116":0},"f":{"0":0,"1":0,"2":0,"3":0,"4":0,"5":0,"6":0,"7":0,"8":0},"b":{"0":[0,0],"1":[0,0],"2":[0,0],"3":[0,0],"4":[0,0,0,0,0,0,0,0,0,0,0,0,0,0,0],"5":[0,0],"6":[0,0],"7":[0,0],"8":[0,0],"9":[0,0],"10":[0,0],"11":[0,0],"12":[0,0],"13":[0,0],"14":[0,0],"15":[0,0],"16":[0,0],"17":[0,0],"18":[0,0],"19":[0,0],"20":[0,0],"21":[0,0],"22":[0,0]}}
,"/Users/jon/Programs/chrome-extensions/pagetree-extension/src/extension/scripts/badge.ts": {"path":"/Users/jon/Programs/chrome-extensions/pagetree-extension/src/extension/scripts/badge.ts","statementMap":{"0":{"start":{"line":2,"column":0},"end":{"line":2,"column":62}},"1":{"start":{"line":3,"column":0},"end":{"line":3,"column":23}},"2":{"start":{"line":4,"column":22},"end":{"line":4,"column":31}},"3":{"start":{"line":5,"column":24},"end":{"line":5,"column":33}},"4":{"start":{"line":6,"column":16},"end":{"line":6,"column":41}},"5":{"start":{"line":7,"column":25},"end":{"line":7,"column":55}},"6":{"start":{"line":8,"column":17},"end":{"line":8,"column":49}},"7":{"start":{"line":12,"column":8},"end":{"line":12,"column":23}},"8":{"start":{"line":17,"column":8},"end":{"line":27,"column":75}},"9":{"start":{"line":18,"column":32},"end":{"line":18,"column":47}},"10":{"start":{"line":19,"column":28},"end":{"line":19,"column":51}},"11":{"start":{"line":21,"column":24},"end":{"line":21,"column":82}},"12":{"start":{"line":22,"column":24},"end":{"line":22,"column":44}},"13":{"start":{"line":23,"column":12},"end":{"line":23,"column":46}},"14":{"start":{"line":24,"column":30},"end":{"line":24,"column":76}},"15":{"start":{"line":25,"column":12},"end":{"line":25,"column":66}},"16":{"start":{"line":27,"column":30},"end":{"line":27,"column":73}},"17":{"start":{"line":29,"column":8},"end":{"line":29,"column":73}},"18":{"start":{"line":30,"column":8},"end":{"line":33,"column":11}},"19":{"start":{"line":36,"column":8},"end":{"line":36,"column":59}},"20":{"start":{"line":39,"column":8},"end":{"line":39,"column":25}},"21":{"start":{"line":42,"column":8},"end":{"line":42,"column":62}},"22":{"start":{"line":45,"column":8},"end":{"line":45,"column":58}},"23":{"start":{"line":48,"column":8},"end":{"line":48,"column":68}},"24":{"start":{"line":51,"column":8},"end":{"line":51,"column":63}},"25":{"start":{"line":54,"column":0},"end":{"line":54,"column":22}},"26":{"start":{"line":55,"column":0},"end":{"line":55,"column":24}}},"fnMap":{"0":{"name":"(anonymous_0)","decl":{"start":{"line":11,"column":4},"end":{"line":11,"column":5}},"loc":{"start":{"line":11,"column":21},"end":{"line":13,"column":5}},"line":11},"1":{"name":"(anonymous_1)","decl":{"start":{"line":15,"column":4},"end":{"line":15,"column":5}},"loc":{"start":{"line":15,"column":53},"end":{"line":34,"column":5}},"line":15},"2":{"name":"(anonymous_2)","decl":{"start":{"line":18,"column":18},"end":{"line":18,"column":19}},"loc":{"start":{"line":18,"column":32},"end":{"line":18,"column":47}},"line":18},"3":{"name":"(anonymous_3)","decl":{"start":{"line":19,"column":18},"end":{"line":19,"column":19}},"loc":{"start":{"line":19,"column":28},"end":{"line":19,"column":51}},"line":19},"4":{"name":"(anonymous_4)","decl":{"start":{"line":20,"column":18},"end":{"line":20,"column":19}},"loc":{"start":{"line":20,"column":35},"end":{"line":26,"column":9}},"line":20},"5":{"name":"(anonymous_5)","decl":{"start":{"line":27,"column":19},"end":{"line":27,"column":20}},"loc":{"start":{"line":27,"column":30},"end":{"line":27,"column":73}},"line":27},"6":{"name":"(anonymous_6)","decl":{"start":{"line":35,"column":4},"end":{"line":35,"column":5}},"loc":{"start":{"line":35,"column":20},"end":{"line":37,"column":5}},"line":35},"7":{"name":"(anonymous_7)","decl":{"start":{"line":38,"column":4},"end":{"line":38,"column":5}},"loc":{"start":{"line":38,"column":12},"end":{"line":40,"column":5}},"line":38},"8":{"name":"(anonymous_8)","decl":{"start":{"line":41,"column":4},"end":{"line":41,"column":5}},"loc":{"start":{"line":41,"column":18},"end":{"line":43,"column":5}},"line":41},"9":{"name":"(anonymous_9)","decl":{"start":{"line":44,"column":4},"end":{"line":44,"column":5}},"loc":{"start":{"line":44,"column":12},"end":{"line":46,"column":5}},"line":44},"10":{"name":"(anonymous_10)","decl":{"start":{"line":47,"column":4},"end":{"line":47,"column":5}},"loc":{"start":{"line":47,"column":12},"end":{"line":49,"column":5}},"line":47},"11":{"name":"(anonymous_11)","decl":{"start":{"line":50,"column":4},"end":{"line":50,"column":5}},"loc":{"start":{"line":50,"column":11},"end":{"line":52,"column":5}},"line":50}},"branchMap":{"0":{"loc":{"start":{"line":35,"column":9},"end":{"line":35,"column":18}},"type":"default-arg","locations":[{"start":{"line":35,"column":16},"end":{"line":35,"column":18}}],"line":35}},"s":{"0":0,"1":0,"2":0,"3":0,"4":0,"5":0,"6":0,"7":0,"8":0,"9":0,"10":0,"11":0,"12":0,"13":0,"14":0,"15":0,"16":0,"17":0,"18":0,"19":0,"20":0,"21":0,"22":0,"23":0,"24":0,"25":0,"26":0},"f":{"0":0,"1":0,"2":0,"3":0,"4":0,"5":0,"6":0,"7":0,"8":0,"9":0,"10":0,"11":0},"b":{"0":[0]}}
,"/Users/jon/Programs/chrome-extensions/pagetree-extension/src/extension/scripts/inspector.ts": {"path":"/Users/jon/Programs/chrome-extensions/pagetree-extension/src/extension/scripts/inspector.ts","statementMap":{"0":{"start":{"line":2,"column":22},"end":{"line":4,"column":1}},"1":{"start":{"line":3,"column":4},"end":{"line":3,"column":62}},"2":{"start":{"line":5,"column":0},"end":{"line":5,"column":62}},"3":{"start":{"line":6,"column":0},"end":{"line":6,"column":27}},"4":{"start":{"line":8,"column":18},"end":{"line":8,"column":53}},"5":{"start":{"line":28,"column":8},"end":{"line":28,"column":51}},"6":{"start":{"line":29,"column":8},"end":{"line":29,"column":39}},"7":{"start":{"line":30,"column":8},"end":{"line":30,"column":53}},"8":{"start":{"line":31,"column":8},"end":{"line":31,"column":45}},"9":{"start":{"line":32,"column":8},"end":{"line":32,"column":57}},"10":{"start":{"line":33,"column":8},"end":{"line":33,"column":30}},"11":{"start":{"line":34,"column":8},"end":{"line":34,"column":37}},"12":{"start":{"line":35,"column":8},"end":{"line":35,"column":38}},"13":{"start":{"line":36,"column":8},"end":{"line":36,"column":42}},"14":{"start":{"line":37,"column":8},"end":{"line":37,"column":46}},"15":{"start":{"line":38,"column":8},"end":{"line":38,"column":82}},"16":{"start":{"line":41,"column":21},"end":{"line":41,"column":59}},"17":{"start":{"line":42,"column":8},"end":{"line":56,"column":11}},"18":{"start":{"line":44,"column":12},"end":{"line":46,"column":13}},"19":{"start":{"line":45,"column":16},"end":{"line":45,"column":63}},"20":{"start":{"line":47,"column":12},"end":{"line":47,"column":35}},"21":{"start":{"line":50,"column":12},"end":{"line":50,"column":33}},"22":{"start":{"line":51,"column":12},"end":{"line":51,"column":31}},"23":{"start":{"line":52,"column":12},"end":{"line":52,"column":34}},"24":{"start":{"line":55,"column":12},"end":{"line":55,"column":49}},"25":{"start":{"line":59,"column":8},"end":{"line":59,"column":51}},"26":{"start":{"line":60,"column":8},"end":{"line":60,"column":41}},"27":{"start":{"line":61,"column":8},"end":{"line":61,"column":51}},"28":{"start":{"line":62,"column":23},"end":{"line":62,"column":64}},"29":{"start":{"line":63,"column":8},"end":{"line":63,"column":46}},"30":{"start":{"line":64,"column":31},"end":{"line":64,"column":60}},"31":{"start":{"line":65,"column":8},"end":{"line":68,"column":9}},"32":{"start":{"line":66,"column":12},"end":{"line":66,"column":53}},"33":{"start":{"line":67,"column":12},"end":{"line":67,"column":82}},"34":{"start":{"line":69,"column":8},"end":{"line":69,"column":54}},"35":{"start":{"line":70,"column":8},"end":{"line":70,"column":54}},"36":{"start":{"line":71,"column":8},"end":{"line":71,"column":58}},"37":{"start":{"line":72,"column":8},"end":{"line":72,"column":47}},"38":{"start":{"line":73,"column":8},"end":{"line":73,"column":60}},"39":{"start":{"line":74,"column":8},"end":{"line":74,"column":63}},"40":{"start":{"line":75,"column":8},"end":{"line":75,"column":25}},"41":{"start":{"line":78,"column":8},"end":{"line":92,"column":9}},"42":{"start":{"line":80,"column":32},"end":{"line":85,"column":13}},"43":{"start":{"line":87,"column":12},"end":{"line":91,"column":15}},"44":{"start":{"line":95,"column":8},"end":{"line":95,"column":57}},"45":{"start":{"line":96,"column":8},"end":{"line":96,"column":63}},"46":{"start":{"line":97,"column":8},"end":{"line":97,"column":57}},"47":{"start":{"line":98,"column":8},"end":{"line":101,"column":11}},"48":{"start":{"line":99,"column":12},"end":{"line":99,"column":32}},"49":{"start":{"line":100,"column":12},"end":{"line":100,"column":26}},"50":{"start":{"line":104,"column":8},"end":{"line":104,"column":32}},"51":{"start":{"line":106,"column":8},"end":{"line":107,"column":19}},"52":{"start":{"line":107,"column":12},"end":{"line":107,"column":19}},"53":{"start":{"line":108,"column":8},"end":{"line":108,"column":75}},"54":{"start":{"line":109,"column":8},"end":{"line":109,"column":26}},"55":{"start":{"line":110,"column":8},"end":{"line":110,"column":37}},"56":{"start":{"line":111,"column":8},"end":{"line":111,"column":22}},"57":{"start":{"line":114,"column":8},"end":{"line":115,"column":19}},"58":{"start":{"line":115,"column":12},"end":{"line":115,"column":19}},"59":{"start":{"line":116,"column":8},"end":{"line":116,"column":41}},"60":{"start":{"line":117,"column":25},"end":{"line":119,"column":42}},"61":{"start":{"line":120,"column":8},"end":{"line":120,"column":40}},"62":{"start":{"line":121,"column":8},"end":{"line":121,"column":25}},"63":{"start":{"line":125,"column":18},"end":{"line":125,"column":24}},"64":{"start":{"line":126,"column":21},"end":{"line":126,"column":57}},"65":{"start":{"line":127,"column":30},"end":{"line":127,"column":67}},"66":{"start":{"line":128,"column":20},"end":{"line":145,"column":9}},"67":{"start":{"line":147,"column":8},"end":{"line":152,"column":11}},"68":{"start":{"line":148,"column":12},"end":{"line":151,"column":13}},"69":{"start":{"line":149,"column":28},"end":{"line":149,"column":59}},"70":{"start":{"line":150,"column":16},"end":{"line":150,"column":53}},"71":{"start":{"line":153,"column":8},"end":{"line":153,"column":51}},"72":{"start":{"line":154,"column":8},"end":{"line":154,"column":46}},"73":{"start":{"line":155,"column":8},"end":{"line":155,"column":46}},"74":{"start":{"line":158,"column":8},"end":{"line":158,"column":53}},"75":{"start":{"line":159,"column":8},"end":{"line":159,"column":51}},"76":{"start":{"line":160,"column":8},"end":{"line":160,"column":63}},"77":{"start":{"line":161,"column":8},"end":{"line":161,"column":65}},"78":{"start":{"line":162,"column":8},"end":{"line":162,"column":44}},"79":{"start":{"line":163,"column":8},"end":{"line":163,"column":40}},"80":{"start":{"line":165,"column":8},"end":{"line":165,"column":21}},"81":{"start":{"line":166,"column":8},"end":{"line":166,"column":20}},"82":{"start":{"line":167,"column":8},"end":{"line":167,"column":26}},"83":{"start":{"line":168,"column":8},"end":{"line":168,"column":28}},"84":{"start":{"line":169,"column":8},"end":{"line":169,"column":46}},"85":{"start":{"line":170,"column":8},"end":{"line":170,"column":41}},"86":{"start":{"line":171,"column":8},"end":{"line":171,"column":40}},"87":{"start":{"line":173,"column":8},"end":{"line":173,"column":40}},"88":{"start":{"line":174,"column":8},"end":{"line":174,"column":38}},"89":{"start":{"line":175,"column":8},"end":{"line":178,"column":47}},"90":{"start":{"line":179,"column":8},"end":{"line":182,"column":46}},"91":{"start":{"line":183,"column":8},"end":{"line":183,"column":46}},"92":{"start":{"line":184,"column":8},"end":{"line":184,"column":41}},"93":{"start":{"line":185,"column":8},"end":{"line":185,"column":40}},"94":{"start":{"line":187,"column":8},"end":{"line":187,"column":16}},"95":{"start":{"line":188,"column":8},"end":{"line":188,"column":38}},"96":{"start":{"line":189,"column":8},"end":{"line":189,"column":32}},"97":{"start":{"line":190,"column":8},"end":{"line":190,"column":32}},"98":{"start":{"line":191,"column":8},"end":{"line":191,"column":22}},"99":{"start":{"line":192,"column":8},"end":{"line":192,"column":31}},"100":{"start":{"line":193,"column":8},"end":{"line":193,"column":41}},"101":{"start":{"line":194,"column":8},"end":{"line":194,"column":51}},"102":{"start":{"line":195,"column":8},"end":{"line":195,"column":24}},"103":{"start":{"line":196,"column":8},"end":{"line":196,"column":36}},"104":{"start":{"line":197,"column":8},"end":{"line":197,"column":19}},"105":{"start":{"line":198,"column":8},"end":{"line":198,"column":17}},"106":{"start":{"line":200,"column":8},"end":{"line":200,"column":21}},"107":{"start":{"line":201,"column":8},"end":{"line":201,"column":16}},"108":{"start":{"line":202,"column":8},"end":{"line":202,"column":26}},"109":{"start":{"line":203,"column":8},"end":{"line":203,"column":34}},"110":{"start":{"line":204,"column":8},"end":{"line":204,"column":22}},"111":{"start":{"line":205,"column":8},"end":{"line":205,"column":31}},"112":{"start":{"line":206,"column":8},"end":{"line":206,"column":41}},"113":{"start":{"line":207,"column":8},"end":{"line":207,"column":51}},"114":{"start":{"line":208,"column":8},"end":{"line":208,"column":24}},"115":{"start":{"line":209,"column":8},"end":{"line":209,"column":36}},"116":{"start":{"line":210,"column":8},"end":{"line":210,"column":19}},"117":{"start":{"line":211,"column":8},"end":{"line":211,"column":17}},"118":{"start":{"line":214,"column":8},"end":{"line":214,"column":60}},"119":{"start":{"line":215,"column":8},"end":{"line":215,"column":63}},"120":{"start":{"line":218,"column":8},"end":{"line":218,"column":28}},"121":{"start":{"line":222,"column":8},"end":{"line":222,"column":55}},"122":{"start":{"line":225,"column":8},"end":{"line":225,"column":24}},"123":{"start":{"line":226,"column":8},"end":{"line":226,"column":29}},"124":{"start":{"line":229,"column":8},"end":{"line":232,"column":11}},"125":{"start":{"line":233,"column":8},"end":{"line":233,"column":41}},"126":{"start":{"line":234,"column":8},"end":{"line":234,"column":66}},"127":{"start":{"line":235,"column":8},"end":{"line":235,"column":60}},"128":{"start":{"line":236,"column":8},"end":{"line":240,"column":9}},"129":{"start":{"line":237,"column":12},"end":{"line":239,"column":20}},"130":{"start":{"line":238,"column":16},"end":{"line":238,"column":54}},"131":{"start":{"line":241,"column":8},"end":{"line":241,"column":30}},"132":{"start":{"line":244,"column":8},"end":{"line":244,"column":29}},"133":{"start":{"line":247,"column":0},"end":{"line":247,"column":30}},"134":{"start":{"line":249,"column":0},"end":{"line":249,"column":28}}},"fnMap":{"0":{"name":"(anonymous_0)","decl":{"start":{"line":2,"column":56},"end":{"line":2,"column":57}},"loc":{"start":{"line":2,"column":71},"end":{"line":4,"column":1}},"line":2},"1":{"name":"(anonymous_1)","decl":{"start":{"line":27,"column":4},"end":{"line":27,"column":5}},"loc":{"start":{"line":27,"column":18},"end":{"line":39,"column":5}},"line":27},"2":{"name":"(anonymous_2)","decl":{"start":{"line":40,"column":4},"end":{"line":40,"column":5}},"loc":{"start":{"line":40,"column":15},"end":{"line":57,"column":5}},"line":40},"3":{"name":"(anonymous_3)","decl":{"start":{"line":43,"column":18},"end":{"line":43,"column":19}},"loc":{"start":{"line":43,"column":32},"end":{"line":48,"column":9}},"line":43},"4":{"name":"(anonymous_4)","decl":{"start":{"line":49,"column":18},"end":{"line":49,"column":19}},"loc":{"start":{"line":49,"column":28},"end":{"line":53,"column":9}},"line":49},"5":{"name":"(anonymous_5)","decl":{"start":{"line":54,"column":19},"end":{"line":54,"column":20}},"loc":{"start":{"line":54,"column":30},"end":{"line":56,"column":9}},"line":54},"6":{"name":"(anonymous_6)","decl":{"start":{"line":58,"column":4},"end":{"line":58,"column":5}},"loc":{"start":{"line":58,"column":18},"end":{"line":76,"column":5}},"line":58},"7":{"name":"(anonymous_7)","decl":{"start":{"line":77,"column":4},"end":{"line":77,"column":5}},"loc":{"start":{"line":77,"column":21},"end":{"line":93,"column":5}},"line":77},"8":{"name":"(anonymous_8)","decl":{"start":{"line":94,"column":4},"end":{"line":94,"column":5}},"loc":{"start":{"line":94,"column":21},"end":{"line":102,"column":5}},"line":94},"9":{"name":"(anonymous_9)","decl":{"start":{"line":98,"column":42},"end":{"line":98,"column":43}},"loc":{"start":{"line":98,"column":48},"end":{"line":101,"column":9}},"line":98},"10":{"name":"(anonymous_10)","decl":{"start":{"line":103,"column":4},"end":{"line":103,"column":5}},"loc":{"start":{"line":103,"column":11},"end":{"line":112,"column":5}},"line":103},"11":{"name":"(anonymous_11)","decl":{"start":{"line":113,"column":4},"end":{"line":113,"column":5}},"loc":{"start":{"line":113,"column":17},"end":{"line":122,"column":5}},"line":113},"12":{"name":"(anonymous_12)","decl":{"start":{"line":124,"column":4},"end":{"line":124,"column":5}},"loc":{"start":{"line":124,"column":13},"end":{"line":212,"column":5}},"line":124},"13":{"name":"(anonymous_13)","decl":{"start":{"line":147,"column":38},"end":{"line":147,"column":39}},"loc":{"start":{"line":147,"column":58},"end":{"line":152,"column":9}},"line":147},"14":{"name":"(anonymous_14)","decl":{"start":{"line":213,"column":4},"end":{"line":213,"column":5}},"loc":{"start":{"line":213,"column":19},"end":{"line":216,"column":5}},"line":213},"15":{"name":"(anonymous_15)","decl":{"start":{"line":217,"column":4},"end":{"line":217,"column":5}},"loc":{"start":{"line":217,"column":17},"end":{"line":219,"column":5}},"line":217},"16":{"name":"(anonymous_16)","decl":{"start":{"line":221,"column":4},"end":{"line":221,"column":5}},"loc":{"start":{"line":221,"column":16},"end":{"line":223,"column":5}},"line":221},"17":{"name":"(anonymous_17)","decl":{"start":{"line":224,"column":4},"end":{"line":224,"column":5}},"loc":{"start":{"line":224,"column":15},"end":{"line":227,"column":5}},"line":224},"18":{"name":"(anonymous_18)","decl":{"start":{"line":228,"column":4},"end":{"line":228,"column":5}},"loc":{"start":{"line":228,"column":17},"end":{"line":242,"column":5}},"line":228},"19":{"name":"(anonymous_19)","decl":{"start":{"line":237,"column":23},"end":{"line":237,"column":24}},"loc":{"start":{"line":237,"column":29},"end":{"line":239,"column":13}},"line":237},"20":{"name":"(anonymous_20)","decl":{"start":{"line":243,"column":4},"end":{"line":243,"column":5}},"loc":{"start":{"line":243,"column":25},"end":{"line":245,"column":5}},"line":243}},"branchMap":{"0":{"loc":{"start":{"line":2,"column":22},"end":{"line":4,"column":1}},"type":"binary-expr","locations":[{"start":{"line":2,"column":23},"end":{"line":2,"column":27}},{"start":{"line":2,"column":31},"end":{"line":2,"column":51}},{"start":{"line":2,"column":56},"end":{"line":4,"column":1}}],"line":2},"1":{"loc":{"start":{"line":3,"column":11},"end":{"line":3,"column":61}},"type":"cond-expr","locations":[{"start":{"line":3,"column":37},"end":{"line":3,"column":40}},{"start":{"line":3,"column":43},"end":{"line":3,"column":61}}],"line":3},"2":{"loc":{"start":{"line":3,"column":12},"end":{"line":3,"column":33}},"type":"binary-expr","locations":[{"start":{"line":3,"column":12},"end":{"line":3,"column":15}},{"start":{"line":3,"column":19},"end":{"line":3,"column":33}}],"line":3},"3":{"loc":{"start":{"line":44,"column":12},"end":{"line":46,"column":13}},"type":"if","locations":[{"start":{"line":44,"column":12},"end":{"line":46,"column":13}},{"start":{},"end":{}}],"line":44},"4":{"loc":{"start":{"line":65,"column":8},"end":{"line":68,"column":9}},"type":"if","locations":[{"start":{"line":65,"column":8},"end":{"line":68,"column":9}},{"start":{},"end":{}}],"line":65},"5":{"loc":{"start":{"line":65,"column":12},"end":{"line":65,"column":70}},"type":"binary-expr","locations":[{"start":{"line":65,"column":12},"end":{"line":65,"column":26}},{"start":{"line":65,"column":30},"end":{"line":65,"column":70}}],"line":65},"6":{"loc":{"start":{"line":78,"column":8},"end":{"line":92,"column":9}},"type":"if","locations":[{"start":{"line":78,"column":8},"end":{"line":92,"column":9}},{"start":{},"end":{}}],"line":78},"7":{"loc":{"start":{"line":106,"column":8},"end":{"line":107,"column":19}},"type":"if","locations":[{"start":{"line":106,"column":8},"end":{"line":107,"column":19}},{"start":{},"end":{}}],"line":106},"8":{"loc":{"start":{"line":114,"column":8},"end":{"line":115,"column":19}},"type":"if","locations":[{"start":{"line":114,"column":8},"end":{"line":115,"column":19}},{"start":{},"end":{}}],"line":114},"9":{"loc":{"start":{"line":236,"column":8},"end":{"line":240,"column":9}},"type":"if","locations":[{"start":{"line":236,"column":8},"end":{"line":240,"column":9}},{"start":{},"end":{}}],"line":236}},"s":{"0":0,"1":0,"2":0,"3":0,"4":0,"5":0,"6":0,"7":0,"8":0,"9":0,"10":0,"11":0,"12":0,"13":0,"14":0,"15":0,"16":0,"17":0,"18":0,"19":0,"20":0,"21":0,"22":0,"23":0,"24":0,"25":0,"26":0,"27":0,"28":0,"29":0,"30":0,"31":0,"32":0,"33":0,"34":0,"35":0,"36":0,"37":0,"38":0,"39":0,"40":0,"41":0,"42":0,"43":0,"44":0,"45":0,"46":0,"47":0,"48":0,"49":0,"50":0,"51":0,"52":0,"53":0,"54":0,"55":0,"56":0,"57":0,"58":0,"59":0,"60":0,"61":0,"62":0,"63":0,"64":0,"65":0,"66":0,"67":0,"68":0,"69":0,"70":0,"71":0,"72":0,"73":0,"74":0,"75":0,"76":0,"77":0,"78":0,"79":0,"80":0,"81":0,"82":0,"83":0,"84":0,"85":0,"86":0,"87":0,"88":0,"89":0,"90":0,"91":0,"92":0,"93":0,"94":0,"95":0,"96":0,"97":0,"98":0,"99":0,"100":0,"101":0,"102":0,"103":0,"104":0,"105":0,"106":0,"107":0,"108":0,"109":0,"110":0,"111":0,"112":0,"113":0,"114":0,"115":0,"116":0,"117":0,"118":0,"119":0,"120":0,"121":0,"122":0,"123":0,"124":0,"125":0,"126":0,"127":0,"128":0,"129":0,"130":0,"131":0,"132":0,"133":0,"134":0},"f":{"0":0,"1":0,"2":0,"3":0,"4":0,"5":0,"6":0,"7":0,"8":0,"9":0,"10":0,"11":0,"12":0,"13":0,"14":0,"15":0,"16":0,"17":0,"18":0,"19":0,"20":0},"b":{"0":[0,0,0],"1":[0,0],"2":[0,0],"3":[0,0],"4":[0,0],"5":[0,0],"6":[0,0],"7":[0,0],"8":[0,0],"9":[0,0]}}
,"/Users/jon/Programs/chrome-extensions/pagetree-extension/src/hooks/useDebounce.tsx": {"path":"/Users/jon/Programs/chrome-extensions/pagetree-extension/src/hooks/useDebounce.tsx","statementMap":{"0":{"start":{"line":5,"column":46},"end":{"line":5,"column":61}},"1":{"start":{"line":7,"column":2},"end":{"line":17,"column":21}},"2":{"start":{"line":9,"column":20},"end":{"line":11,"column":13}},"3":{"start":{"line":10,"column":6},"end":{"line":10,"column":31}},"4":{"start":{"line":14,"column":4},"end":{"line":16,"column":6}},"5":{"start":{"line":15,"column":6},"end":{"line":15,"column":28}},"6":{"start":{"line":19,"column":2},"end":{"line":19,"column":24}}},"fnMap":{"0":{"name":"useDebounce","decl":{"start":{"line":3,"column":16},"end":{"line":3,"column":27}},"loc":{"start":{"line":3,"column":42},"end":{"line":20,"column":1}},"line":3},"1":{"name":"(anonymous_1)","decl":{"start":{"line":7,"column":12},"end":{"line":7,"column":13}},"loc":{"start":{"line":7,"column":18},"end":{"line":17,"column":3}},"line":7},"2":{"name":"(anonymous_2)","decl":{"start":{"line":9,"column":31},"end":{"line":9,"column":32}},"loc":{"start":{"line":9,"column":37},"end":{"line":11,"column":5}},"line":9},"3":{"name":"(anonymous_3)","decl":{"start":{"line":14,"column":11},"end":{"line":14,"column":12}},"loc":{"start":{"line":14,"column":17},"end":{"line":16,"column":5}},"line":14}},"branchMap":{},"s":{"0":0,"1":0,"2":0,"3":0,"4":0,"5":0,"6":0},"f":{"0":0,"1":0,"2":0,"3":0},"b":{},"inputSourceMap":null}
,"/Users/jon/Programs/chrome-extensions/pagetree-extension/src/hooks/useDraggable.tsx": {"path":"/Users/jon/Programs/chrome-extensions/pagetree-extension/src/hooks/useDraggable.tsx","statementMap":{"0":{"start":{"line":3,"column":28},"end":{"line":69,"column":1}},"1":{"start":{"line":4,"column":38},"end":{"line":4,"column":53}},"2":{"start":{"line":5,"column":30},"end":{"line":5,"column":54}},"3":{"start":{"line":7,"column":2},"end":{"line":66,"column":32}},"4":{"start":{"line":8,"column":4},"end":{"line":8,"column":44}},"5":{"start":{"line":9,"column":28},"end":{"line":18,"column":5}},"6":{"start":{"line":10,"column":6},"end":{"line":12,"column":7}},"7":{"start":{"line":11,"column":8},"end":{"line":11,"column":46}},"8":{"start":{"line":13,"column":6},"end":{"line":13,"column":26}},"9":{"start":{"line":14,"column":6},"end":{"line":17,"column":9}},"10":{"start":{"line":20,"column":28},"end":{"line":23,"column":5}},"11":{"start":{"line":21,"column":6},"end":{"line":21,"column":30}},"12":{"start":{"line":21,"column":23},"end":{"line":21,"column":30}},"13":{"start":{"line":22,"column":6},"end":{"line":22,"column":30}},"14":{"start":{"line":24,"column":27},"end":{"line":27,"column":5}},"15":{"start":{"line":25,"column":6},"end":{"line":25,"column":30}},"16":{"start":{"line":25,"column":23},"end":{"line":25,"column":30}},"17":{"start":{"line":26,"column":6},"end":{"line":26,"column":30}},"18":{"start":{"line":29,"column":28},"end":{"line":39,"column":5}},"19":{"start":{"line":30,"column":6},"end":{"line":30,"column":30}},"20":{"start":{"line":30,"column":23},"end":{"line":30,"column":30}},"21":{"start":{"line":31,"column":21},"end":{"line":31,"column":45}},"22":{"start":{"line":32,"column":21},"end":{"line":32,"column":45}},"23":{"start":{"line":33,"column":6},"end":{"line":33,"column":56}},"24":{"start":{"line":35,"column":6},"end":{"line":38,"column":7}},"25":{"start":{"line":36,"column":8},"end":{"line":36,"column":41}},"26":{"start":{"line":37,"column":8},"end":{"line":37,"column":40}},"27":{"start":{"line":41,"column":26},"end":{"line":47,"column":5}},"28":{"start":{"line":42,"column":6},"end":{"line":44,"column":7}},"29":{"start":{"line":43,"column":8},"end":{"line":43,"column":45}},"30":{"start":{"line":45,"column":6},"end":{"line":45,"column":27}},"31":{"start":{"line":46,"column":6},"end":{"line":46,"column":30}},"32":{"start":{"line":49,"column":4},"end":{"line":51,"column":5}},"33":{"start":{"line":50,"column":6},"end":{"line":50,"column":71}},"34":{"start":{"line":52,"column":4},"end":{"line":52,"column":69}},"35":{"start":{"line":53,"column":4},"end":{"line":53,"column":65}},"36":{"start":{"line":54,"column":4},"end":{"line":54,"column":69}},"37":{"start":{"line":55,"column":4},"end":{"line":55,"column":67}},"38":{"start":{"line":57,"column":4},"end":{"line":65,"column":6}},"39":{"start":{"line":58,"column":6},"end":{"line":64,"column":7}},"40":{"start":{"line":59,"column":8},"end":{"line":59,"column":76}},"41":{"start":{"line":60,"column":8},"end":{"line":60,"column":76}},"42":{"start":{"line":61,"column":8},"end":{"line":61,"column":72}},"43":{"start":{"line":62,"column":8},"end":{"line":62,"column":76}},"44":{"start":{"line":63,"column":8},"end":{"line":63,"column":74}},"45":{"start":{"line":68,"column":2},"end":{"line":68,"column":24}}},"fnMap":{"0":{"name":"(anonymous_0)","decl":{"start":{"line":3,"column":28},"end":{"line":3,"column":29}},"loc":{"start":{"line":3,"column":37},"end":{"line":69,"column":1}},"line":3},"1":{"name":"(anonymous_1)","decl":{"start":{"line":7,"column":12},"end":{"line":7,"column":13}},"loc":{"start":{"line":7,"column":18},"end":{"line":66,"column":3}},"line":7},"2":{"name":"(anonymous_2)","decl":{"start":{"line":9,"column":28},"end":{"line":9,"column":29}},"loc":{"start":{"line":9,"column":39},"end":{"line":18,"column":5}},"line":9},"3":{"name":"(anonymous_3)","decl":{"start":{"line":20,"column":28},"end":{"line":20,"column":29}},"loc":{"start":{"line":20,"column":39},"end":{"line":23,"column":5}},"line":20},"4":{"name":"(anonymous_4)","decl":{"start":{"line":24,"column":27},"end":{"line":24,"column":28}},"loc":{"start":{"line":24,"column":38},"end":{"line":27,"column":5}},"line":24},"5":{"name":"(anonymous_5)","decl":{"start":{"line":29,"column":28},"end":{"line":29,"column":29}},"loc":{"start":{"line":29,"column":39},"end":{"line":39,"column":5}},"line":29},"6":{"name":"(anonymous_6)","decl":{"start":{"line":41,"column":26},"end":{"line":41,"column":27}},"loc":{"start":{"line":41,"column":37},"end":{"line":47,"column":5}},"line":41},"7":{"name":"(anonymous_7)","decl":{"start":{"line":57,"column":11},"end":{"line":57,"column":12}},"loc":{"start":{"line":57,"column":17},"end":{"line":65,"column":5}},"line":57}},"branchMap":{"0":{"loc":{"start":{"line":10,"column":6},"end":{"line":12,"column":7}},"type":"if","locations":[{"start":{"line":10,"column":6},"end":{"line":12,"column":7}},{"start":{},"end":{}}],"line":10},"1":{"loc":{"start":{"line":21,"column":6},"end":{"line":21,"column":30}},"type":"if","locations":[{"start":{"line":21,"column":6},"end":{"line":21,"column":30}},{"start":{},"end":{}}],"line":21},"2":{"loc":{"start":{"line":25,"column":6},"end":{"line":25,"column":30}},"type":"if","locations":[{"start":{"line":25,"column":6},"end":{"line":25,"column":30}},{"start":{},"end":{}}],"line":25},"3":{"loc":{"start":{"line":30,"column":6},"end":{"line":30,"column":30}},"type":"if","locations":[{"start":{"line":30,"column":6},"end":{"line":30,"column":30}},{"start":{},"end":{}}],"line":30},"4":{"loc":{"start":{"line":35,"column":6},"end":{"line":38,"column":7}},"type":"if","locations":[{"start":{"line":35,"column":6},"end":{"line":38,"column":7}},{"start":{},"end":{}}],"line":35},"5":{"loc":{"start":{"line":42,"column":6},"end":{"line":44,"column":7}},"type":"if","locations":[{"start":{"line":42,"column":6},"end":{"line":44,"column":7}},{"start":{},"end":{}}],"line":42},"6":{"loc":{"start":{"line":49,"column":4},"end":{"line":51,"column":5}},"type":"if","locations":[{"start":{"line":49,"column":4},"end":{"line":51,"column":5}},{"start":{},"end":{}}],"line":49},"7":{"loc":{"start":{"line":58,"column":6},"end":{"line":64,"column":7}},"type":"if","locations":[{"start":{"line":58,"column":6},"end":{"line":64,"column":7}},{"start":{},"end":{}}],"line":58}},"s":{"0":0,"1":0,"2":0,"3":0,"4":0,"5":0,"6":0,"7":0,"8":0,"9":0,"10":0,"11":0,"12":0,"13":0,"14":0,"15":0,"16":0,"17":0,"18":0,"19":0,"20":0,"21":0,"22":0,"23":0,"24":0,"25":0,"26":0,"27":0,"28":0,"29":0,"30":0,"31":0,"32":0,"33":0,"34":0,"35":0,"36":0,"37":0,"38":0,"39":0,"40":0,"41":0,"42":0,"43":0,"44":0,"45":0},"f":{"0":0,"1":0,"2":0,"3":0,"4":0,"5":0,"6":0,"7":0},"b":{"0":[0,0],"1":[0,0],"2":[0,0],"3":[0,0],"4":[0,0],"5":[0,0],"6":[0,0],"7":[0,0]},"inputSourceMap":null}
,"/Users/jon/Programs/chrome-extensions/pagetree-extension/src/hooks/useModel.tsx": {"path":"/Users/jon/Programs/chrome-extensions/pagetree-extension/src/hooks/useModel.tsx","statementMap":{"0":{"start":{"line":4,"column":28},"end":{"line":4,"column":50}},"1":{"start":{"line":7,"column":4},"end":{"line":7,"column":62}},"2":{"start":{"line":7,"column":29},"end":{"line":7,"column":59}},"3":{"start":{"line":10,"column":2},"end":{"line":10,"column":30}}},"fnMap":{"0":{"name":"useData","decl":{"start":{"line":3,"column":16},"end":{"line":3,"column":23}},"loc":{"start":{"line":3,"column":38},"end":{"line":11,"column":1}},"line":3},"1":{"name":"setProperty","decl":{"start":{"line":6,"column":11},"end":{"line":6,"column":22}},"loc":{"start":{"line":6,"column":35},"end":{"line":8,"column":3}},"line":6},"2":{"name":"(anonymous_2)","decl":{"start":{"line":7,"column":13},"end":{"line":7,"column":14}},"loc":{"start":{"line":7,"column":29},"end":{"line":7,"column":59}},"line":7}},"branchMap":{},"s":{"0":0,"1":0,"2":0,"3":0},"f":{"0":0,"1":0,"2":0},"b":{},"inputSourceMap":null}
,"/Users/jon/Programs/chrome-extensions/pagetree-extension/src/hooks/useSettings.tsx": {"path":"/Users/jon/Programs/chrome-extensions/pagetree-extension/src/hooks/useSettings.tsx","statementMap":{"0":{"start":{"line":5,"column":27},"end":{"line":7,"column":1}},"1":{"start":{"line":6,"column":2},"end":{"line":6,"column":37}}},"fnMap":{"0":{"name":"(anonymous_0)","decl":{"start":{"line":5,"column":27},"end":{"line":5,"column":28}},"loc":{"start":{"line":5,"column":33},"end":{"line":7,"column":1}},"line":5}},"branchMap":{},"s":{"0":0,"1":0},"f":{"0":0},"b":{},"inputSourceMap":null}
,"/Users/jon/Programs/chrome-extensions/pagetree-extension/src/hooks/useTree.tsx": {"path":"/Users/jon/Programs/chrome-extensions/pagetree-extension/src/hooks/useTree.tsx","statementMap":{"0":{"start":{"line":5,"column":23},"end":{"line":11,"column":1}},"1":{"start":{"line":6,"column":18},"end":{"line":6,"column":41}},"2":{"start":{"line":7,"column":2},"end":{"line":9,"column":3}},"3":{"start":{"line":8,"column":4},"end":{"line":8,"column":66}},"4":{"start":{"line":10,"column":2},"end":{"line":10,"column":17}}},"fnMap":{"0":{"name":"(anonymous_0)","decl":{"start":{"line":5,"column":23},"end":{"line":5,"column":24}},"loc":{"start":{"line":5,"column":29},"end":{"line":11,"column":1}},"line":5}},"branchMap":{"0":{"loc":{"start":{"line":7,"column":2},"end":{"line":9,"column":3}},"type":"if","locations":[{"start":{"line":7,"column":2},"end":{"line":9,"column":3}},{"start":{},"end":{}}],"line":7}},"s":{"0":0,"1":0,"2":0,"3":0,"4":0},"f":{"0":0},"b":{"0":[0,0]},"inputSourceMap":null}
,"/Users/jon/Programs/chrome-extensions/pagetree-extension/src/logger/index.ts": {"path":"/Users/jon/Programs/chrome-extensions/pagetree-extension/src/logger/index.ts","statementMap":{"0":{"start":{"line":2,"column":0},"end":{"line":2,"column":62}},"1":{"start":{"line":3,"column":0},"end":{"line":3,"column":55}},"2":{"start":{"line":5,"column":4},"end":{"line":6,"column":29}},"3":{"start":{"line":6,"column":8},"end":{"line":6,"column":29}},"4":{"start":{"line":7,"column":4},"end":{"line":7,"column":25}},"5":{"start":{"line":9,"column":0},"end":{"line":9,"column":42}},"6":{"start":{"line":10,"column":20},"end":{"line":12,"column":1}},"7":{"start":{"line":11,"column":4},"end":{"line":11,"column":27}},"8":{"start":{"line":13,"column":0},"end":{"line":13,"column":34}}},"fnMap":{"0":{"name":"getErrorMessage","decl":{"start":{"line":4,"column":9},"end":{"line":4,"column":24}},"loc":{"start":{"line":4,"column":32},"end":{"line":8,"column":1}},"line":4},"1":{"name":"(anonymous_1)","decl":{"start":{"line":10,"column":20},"end":{"line":10,"column":21}},"loc":{"start":{"line":10,"column":37},"end":{"line":12,"column":1}},"line":10}},"branchMap":{"0":{"loc":{"start":{"line":5,"column":4},"end":{"line":6,"column":29}},"type":"if","locations":[{"start":{"line":5,"column":4},"end":{"line":6,"column":29}},{"start":{},"end":{}}],"line":5}},"s":{"0":0,"1":0,"2":0,"3":0,"4":0,"5":0,"6":0,"7":0,"8":0},"f":{"0":0,"1":0},"b":{"0":[0,0]}}
,"/Users/jon/Programs/chrome-extensions/pagetree-extension/src/utils/events.ts": {"path":"/Users/jon/Programs/chrome-extensions/pagetree-extension/src/utils/events.ts","statementMap":{"0":{"start":{"line":2,"column":0},"end":{"line":2,"column":62}},"1":{"start":{"line":3,"column":0},"end":{"line":3,"column":90}},"2":{"start":{"line":4,"column":0},"end":{"line":8,"column":3}},"3":{"start":{"line":9,"column":0},"end":{"line":12,"column":3}},"4":{"start":{"line":13,"column":0},"end":{"line":16,"column":3}}},"fnMap":{},"branchMap":{},"s":{"0":0,"1":0,"2":0,"3":0,"4":0},"f":{},"b":{}}
,"/Users/jon/Programs/chrome-extensions/pagetree-extension/src/utils/treenode.ts": {"path":"/Users/jon/Programs/chrome-extensions/pagetree-extension/src/utils/treenode.ts","statementMap":{"0":{"start":{"line":2,"column":0},"end":{"line":2,"column":62}},"1":{"start":{"line":3,"column":0},"end":{"line":3,"column":104}},"2":{"start":{"line":5,"column":4},"end":{"line":12,"column":5}},"3":{"start":{"line":6,"column":26},"end":{"line":6,"column":44}},"4":{"start":{"line":7,"column":8},"end":{"line":7,"column":25}},"5":{"start":{"line":10,"column":8},"end":{"line":10,"column":29}},"6":{"start":{"line":11,"column":8},"end":{"line":11,"column":29}},"7":{"start":{"line":19,"column":19},"end":{"line":19,"column":33}},"8":{"start":{"line":20,"column":24},"end":{"line":20,"column":57}},"9":{"start":{"line":21,"column":24},"end":{"line":21,"column":42}},"10":{"start":{"line":22,"column":27},"end":{"line":22,"column":61}},"11":{"start":{"line":23,"column":25},"end":{"line":23,"column":57}},"12":{"start":{"line":24,"column":32},"end":{"line":24,"column":34}},"13":{"start":{"line":26,"column":8},"end":{"line":33,"column":9}},"14":{"start":{"line":26,"column":21},"end":{"line":26,"column":22}},"15":{"start":{"line":27,"column":12},"end":{"line":32,"column":15}},"16":{"start":{"line":35,"column":8},"end":{"line":45,"column":10}},"17":{"start":{"line":48,"column":30},"end":{"line":48,"column":32}},"18":{"start":{"line":49,"column":8},"end":{"line":52,"column":11}},"19":{"start":{"line":51,"column":12},"end":{"line":51,"column":50}},"20":{"start":{"line":53,"column":8},"end":{"line":53,"column":29}},"21":{"start":{"line":56,"column":0},"end":{"line":56,"column":42}},"22":{"start":{"line":57,"column":20},"end":{"line":78,"column":1}},"23":{"start":{"line":58,"column":25},"end":{"line":63,"column":5}},"24":{"start":{"line":64,"column":4},"end":{"line":77,"column":6}},"25":{"start":{"line":79,"column":0},"end":{"line":79,"column":34}},"26":{"start":{"line":80,"column":22},"end":{"line":91,"column":1}},"27":{"start":{"line":81,"column":4},"end":{"line":83,"column":5}},"28":{"start":{"line":82,"column":8},"end":{"line":82,"column":20}},"29":{"start":{"line":84,"column":4},"end":{"line":84,"column":81}},"30":{"start":{"line":84,"column":48},"end":{"line":84,"column":78}},"31":{"start":{"line":85,"column":4},"end":{"line":89,"column":7}},"32":{"start":{"line":86,"column":8},"end":{"line":88,"column":9}},"33":{"start":{"line":87,"column":12},"end":{"line":87,"column":67}},"34":{"start":{"line":90,"column":4},"end":{"line":90,"column":16}},"35":{"start":{"line":92,"column":0},"end":{"line":92,"column":38}},"36":{"start":{"line":94,"column":17},"end":{"line":94,"column":18}},"37":{"start":{"line":95,"column":4},"end":{"line":96,"column":22}},"38":{"start":{"line":96,"column":8},"end":{"line":96,"column":22}},"39":{"start":{"line":97,"column":4},"end":{"line":111,"column":5}},"40":{"start":{"line":98,"column":8},"end":{"line":98,"column":21}},"41":{"start":{"line":100,"column":9},"end":{"line":111,"column":5}},"42":{"start":{"line":101,"column":8},"end":{"line":101,"column":21}},"43":{"start":{"line":103,"column":9},"end":{"line":111,"column":5}},"44":{"start":{"line":104,"column":8},"end":{"line":104,"column":22}},"45":{"start":{"line":106,"column":9},"end":{"line":111,"column":5}},"46":{"start":{"line":107,"column":8},"end":{"line":107,"column":21}},"47":{"start":{"line":110,"column":8},"end":{"line":110,"column":22}},"48":{"start":{"line":112,"column":4},"end":{"line":112,"column":18}},"49":{"start":{"line":114,"column":0},"end":{"line":114,"column":40}}},"fnMap":{"0":{"name":"createTreeNodes","decl":{"start":{"line":4,"column":9},"end":{"line":4,"column":24}},"loc":{"start":{"line":4,"column":31},"end":{"line":55,"column":1}},"line":4},"1":{"name":"traverseNode","decl":{"start":{"line":13,"column":13},"end":{"line":13,"column":25}},"loc":{"start":{"line":18,"column":23},"end":{"line":46,"column":5}},"line":18},"2":{"name":"createAttributesObject","decl":{"start":{"line":47,"column":13},"end":{"line":47,"column":35}},"loc":{"start":{"line":47,"column":45},"end":{"line":54,"column":5}},"line":47},"3":{"name":"(anonymous_3)","decl":{"start":{"line":49,"column":47},"end":{"line":49,"column":48}},"loc":{"start":{"line":49,"column":57},"end":{"line":52,"column":9}},"line":49},"4":{"name":"(anonymous_4)","decl":{"start":{"line":57,"column":20},"end":{"line":57,"column":21}},"loc":{"start":{"line":57,"column":30},"end":{"line":78,"column":1}},"line":57},"5":{"name":"(anonymous_5)","decl":{"start":{"line":80,"column":22},"end":{"line":80,"column":23}},"loc":{"start":{"line":80,"column":49},"end":{"line":91,"column":1}},"line":80},"6":{"name":"(anonymous_6)","decl":{"start":{"line":84,"column":38},"end":{"line":84,"column":39}},"loc":{"start":{"line":84,"column":48},"end":{"line":84,"column":78}},"line":84},"7":{"name":"(anonymous_7)","decl":{"start":{"line":85,"column":20},"end":{"line":85,"column":21}},"loc":{"start":{"line":85,"column":30},"end":{"line":89,"column":5}},"line":85},"8":{"name":"getDefaultZoom","decl":{"start":{"line":93,"column":9},"end":{"line":93,"column":23}},"loc":{"start":{"line":93,"column":31},"end":{"line":113,"column":1}},"line":93}},"branchMap":{"0":{"loc":{"start":{"line":14,"column":4},"end":{"line":18,"column":5}},"type":"default-arg","locations":[{"start":{"line":14,"column":17},"end":{"line":18,"column":5}}],"line":14},"1":{"loc":{"start":{"line":18,"column":7},"end":{"line":18,"column":21}},"type":"default-arg","locations":[{"start":{"line":18,"column":20},"end":{"line":18,"column":21}}],"line":18},"2":{"loc":{"start":{"line":28,"column":26},"end":{"line":28,"column":51}},"type":"binary-expr","locations":[{"start":{"line":28,"column":26},"end":{"line":28,"column":28}},{"start":{"line":28,"column":32},"end":{"line":28,"column":51}}],"line":28},"3":{"loc":{"start":{"line":29,"column":29},"end":{"line":29,"column":92}},"type":"cond-expr","locations":[{"start":{"line":29,"column":50},"end":{"line":29,"column":67}},{"start":{"line":29,"column":70},"end":{"line":29,"column":92}}],"line":29},"4":{"loc":{"start":{"line":76,"column":18},"end":{"line":76,"column":77}},"type":"cond-expr","locations":[{"start":{"line":76,"column":34},"end":{"line":76,"column":72}},{"start":{"line":76,"column":75},"end":{"line":76,"column":77}}],"line":76},"5":{"loc":{"start":{"line":81,"column":4},"end":{"line":83,"column":5}},"type":"if","locations":[{"start":{"line":81,"column":4},"end":{"line":83,"column":5}},{"start":{},"end":{}}],"line":81},"6":{"loc":{"start":{"line":86,"column":8},"end":{"line":88,"column":9}},"type":"if","locations":[{"start":{"line":86,"column":8},"end":{"line":88,"column":9}},{"start":{},"end":{}}],"line":86},"7":{"loc":{"start":{"line":86,"column":12},"end":{"line":86,"column":53}},"type":"binary-expr","locations":[{"start":{"line":86,"column":12},"end":{"line":86,"column":25}},{"start":{"line":86,"column":29},"end":{"line":86,"column":53}}],"line":86},"8":{"loc":{"start":{"line":95,"column":4},"end":{"line":96,"column":22}},"type":"if","locations":[{"start":{"line":95,"column":4},"end":{"line":96,"column":22}},{"start":{},"end":{}}],"line":95},"9":{"loc":{"start":{"line":97,"column":4},"end":{"line":111,"column":5}},"type":"if","locations":[{"start":{"line":97,"column":4},"end":{"line":111,"column":5}},{"start":{"line":100,"column":9},"end":{"line":111,"column":5}}],"line":97},"10":{"loc":{"start":{"line":100,"column":9},"end":{"line":111,"column":5}},"type":"if","locations":[{"start":{"line":100,"column":9},"end":{"line":111,"column":5}},{"start":{"line":103,"column":9},"end":{"line":111,"column":5}}],"line":100},"11":{"loc":{"start":{"line":103,"column":9},"end":{"line":111,"column":5}},"type":"if","locations":[{"start":{"line":103,"column":9},"end":{"line":111,"column":5}},{"start":{"line":106,"column":9},"end":{"line":111,"column":5}}],"line":103},"12":{"loc":{"start":{"line":106,"column":9},"end":{"line":111,"column":5}},"type":"if","locations":[{"start":{"line":106,"column":9},"end":{"line":111,"column":5}},{"start":{"line":109,"column":9},"end":{"line":111,"column":5}}],"line":106}},"s":{"0":0,"1":0,"2":0,"3":0,"4":0,"5":0,"6":0,"7":0,"8":0,"9":0,"10":0,"11":0,"12":0,"13":0,"14":0,"15":0,"16":0,"17":0,"18":0,"19":0,"20":0,"21":0,"22":0,"23":0,"24":0,"25":0,"26":0,"27":0,"28":0,"29":0,"30":0,"31":0,"32":0,"33":0,"34":0,"35":0,"36":0,"37":0,"38":0,"39":0,"40":0,"41":0,"42":0,"43":0,"44":0,"45":0,"46":0,"47":0,"48":0,"49":0},"f":{"0":0,"1":0,"2":0,"3":0,"4":0,"5":0,"6":0,"7":0,"8":0},"b":{"0":[0],"1":[0],"2":[0,0],"3":[0,0],"4":[0,0],"5":[0,0],"6":[0,0],"7":[0,0],"8":[0,0],"9":[0,0],"10":[0,0],"11":[0,0],"12":[0,0]}}
}
